<?xml version="1.0" encoding="UTF-8"?>
<testsuite name="Traductor" tests="1" skipped="0" failures="1" errors="0" timestamp="2020-04-10T22:52:02" hostname="DESKTOP-JSEMBU6" time="18.865">
  <properties/>
  <testcase name="Traducir" classname="Traductor" time="18.865">
    <failure message="cucumber.runtime.CucumberException: Arity mismatch: Step Definition 'stepdefinitions.TraductorStepdefinition.laPalabraSeTraduce(String) in file:/C:/Users/pcc/Documents/Proyectos%20SVE/servicios%20productos%20inversiones/untitled/build/classes/java/test/' with pattern [^la palabra se traduce$] is declared with 1 parameters. However, the gherkin step has 0 arguments []. &#10;Step text: la palabra se traduce" type="cucumber.runtime.CucumberException">cucumber.runtime.CucumberException: Arity mismatch: Step Definition 'stepdefinitions.TraductorStepdefinition.laPalabraSeTraduce(String) in file:/C:/Users/pcc/Documents/Proyectos%20SVE/servicios%20productos%20inversiones/untitled/build/classes/java/test/' with pattern [^la palabra se traduce$] is declared with 1 parameters. However, the gherkin step has 0 arguments []. 
Step text: la palabra se traduce
	at cucumber.runtime.StepDefinitionMatch.arityMismatch(StepDefinitionMatch.java:111)
	at cucumber.runtime.StepDefinitionMatch.transformedArgs(StepDefinitionMatch.java:66)
	at cucumber.runtime.StepDefinitionMatch.runStep(StepDefinitionMatch.java:40)
	at cucumber.api.TestStep.executeStep(TestStep.java:102)
	at cucumber.api.TestStep.run(TestStep.java:83)
	at cucumber.api.TestCase.run(TestCase.java:58)
	at cucumber.runner.Runner.runPickle(Runner.java:80)
	at cucumber.runtime.junit.PickleRunners$NoStepDescriptions.run(PickleRunners.java:140)
	at cucumber.runtime.junit.FeatureRunner.runChild(FeatureRunner.java:68)
	at cucumber.runtime.junit.FeatureRunner.runChild(FeatureRunner.java:23)
	at org.junit.runners.ParentRunner$3.run(ParentRunner.java:290)
	at org.junit.runners.ParentRunner$1.schedule(ParentRunner.java:71)
	at org.junit.runners.ParentRunner.runChildren(ParentRunner.java:288)
	at org.junit.runners.ParentRunner.access$000(ParentRunner.java:58)
	at org.junit.runners.ParentRunner$2.evaluate(ParentRunner.java:268)
	at org.junit.runners.ParentRunner.run(ParentRunner.java:363)
	at cucumber.runtime.junit.FeatureRunner.run(FeatureRunner.java:73)
	at cucumber.api.junit.Cucumber.runChild(Cucumber.java:117)
	at cucumber.api.junit.Cucumber.runChild(Cucumber.java:55)
	at org.junit.runners.ParentRunner$3.run(ParentRunner.java:290)
	at org.junit.runners.ParentRunner$1.schedule(ParentRunner.java:71)
	at org.junit.runners.ParentRunner.runChildren(ParentRunner.java:288)
	at org.junit.runners.ParentRunner.access$000(ParentRunner.java:58)
	at org.junit.runners.ParentRunner$2.evaluate(ParentRunner.java:268)
	at cucumber.api.junit.Cucumber$1.evaluate(Cucumber.java:126)
	at org.junit.runners.ParentRunner.run(ParentRunner.java:363)
	at org.gradle.api.internal.tasks.testing.junit.JUnitTestClassExecutor.runTestClass(JUnitTestClassExecutor.java:110)
	at org.gradle.api.internal.tasks.testing.junit.JUnitTestClassExecutor.execute(JUnitTestClassExecutor.java:58)
	at org.gradle.api.internal.tasks.testing.junit.JUnitTestClassExecutor.execute(JUnitTestClassExecutor.java:38)
	at org.gradle.api.internal.tasks.testing.junit.AbstractJUnitTestClassProcessor.processTestClass(AbstractJUnitTestClassProcessor.java:62)
	at org.gradle.api.internal.tasks.testing.SuiteTestClassProcessor.processTestClass(SuiteTestClassProcessor.java:51)
	at sun.reflect.NativeMethodAccessorImpl.invoke0(Native Method)
	at sun.reflect.NativeMethodAccessorImpl.invoke(NativeMethodAccessorImpl.java:62)
	at sun.reflect.DelegatingMethodAccessorImpl.invoke(DelegatingMethodAccessorImpl.java:43)
	at java.lang.reflect.Method.invoke(Method.java:498)
	at org.gradle.internal.dispatch.ReflectionDispatch.dispatch(ReflectionDispatch.java:35)
	at org.gradle.internal.dispatch.ReflectionDispatch.dispatch(ReflectionDispatch.java:24)
	at org.gradle.internal.dispatch.ContextClassLoaderDispatch.dispatch(ContextClassLoaderDispatch.java:32)
	at org.gradle.internal.dispatch.ProxyDispatchAdapter$DispatchingInvocationHandler.invoke(ProxyDispatchAdapter.java:93)
	at com.sun.proxy.$Proxy2.processTestClass(Unknown Source)
	at org.gradle.api.internal.tasks.testing.worker.TestWorker.processTestClass(TestWorker.java:118)
	at sun.reflect.NativeMethodAccessorImpl.invoke0(Native Method)
	at sun.reflect.NativeMethodAccessorImpl.invoke(NativeMethodAccessorImpl.java:62)
	at sun.reflect.DelegatingMethodAccessorImpl.invoke(DelegatingMethodAccessorImpl.java:43)
	at java.lang.reflect.Method.invoke(Method.java:498)
	at org.gradle.internal.dispatch.ReflectionDispatch.dispatch(ReflectionDispatch.java:35)
	at org.gradle.internal.dispatch.ReflectionDispatch.dispatch(ReflectionDispatch.java:24)
	at org.gradle.internal.remote.internal.hub.MessageHubBackedObjectConnection$DispatchWrapper.dispatch(MessageHubBackedObjectConnection.java:175)
	at org.gradle.internal.remote.internal.hub.MessageHubBackedObjectConnection$DispatchWrapper.dispatch(MessageHubBackedObjectConnection.java:157)
	at org.gradle.internal.remote.internal.hub.MessageHub$Handler.run(MessageHub.java:404)
	at org.gradle.internal.concurrent.ExecutorPolicy$CatchAndRecordFailures.onExecute(ExecutorPolicy.java:63)
	at org.gradle.internal.concurrent.ManagedExecutorImpl$1.run(ManagedExecutorImpl.java:46)
	at java.util.concurrent.ThreadPoolExecutor.runWorker(ThreadPoolExecutor.java:1149)
	at java.util.concurrent.ThreadPoolExecutor$Worker.run(ThreadPoolExecutor.java:624)
	at org.gradle.internal.concurrent.ThreadFactoryImpl$ManagedThreadRunnable.run(ThreadFactoryImpl.java:55)
	at java.lang.Thread.run(Thread.java:748)
</failure>
  </testcase>
  <system-out><![CDATA[]]></system-out>
  <system-err><![CDATA[Starting ChromeDriver 80.0.3987.106 (f68069574609230cf9b635cd784cfb1bf81bb53a-refs/branch-heads/3987@{#882}) on port 38771
Only local connections are allowed.
Please protect ports used by ChromeDriver and related test frameworks to prevent access by malicious code.
[1586559124.388][WARNING]: This version of ChromeDriver has not been tested with Chrome version 81.
[1586559126.395][WARNING]: Timed out connecting to Chrome, retrying...
abr 10, 2020 5:52:08 PM org.openqa.selenium.remote.ProtocolHandshake createSession
INFORMACIÃ“N: Detected dialect: W3C
[1586559129.034][SEVERE]: Timed out receiving message from renderer: 0.100
[1586559129.185][SEVERE]: Timed out receiving message from renderer: 0.100
[1586559129.521][SEVERE]: Timed out receiving message from renderer: 0.100
[1586559129.626][SEVERE]: Timed out receiving message from renderer: 0.100
[1586559130.842][SEVERE]: Timed out receiving message from renderer: 0.100
[1586559130.956][SEVERE]: Timed out receiving message from renderer: 0.100
[1586559131.057][SEVERE]: Timed out receiving message from renderer: 0.100
[1586559131.158][SEVERE]: Timed out receiving message from renderer: 0.100
[1586559131.288][SEVERE]: Timed out receiving message from renderer: 0.100
[1586559131.389][SEVERE]: Timed out receiving message from renderer: 0.100
[1586559131.553][SEVERE]: Timed out receiving message from renderer: 0.100
[1586559131.788][SEVERE]: Timed out receiving message from renderer: 0.100
[1586559131.890][SEVERE]: Timed out receiving message from renderer: 0.100
[1586559133.742][SEVERE]: Timed out receiving message from renderer: 0.100
[1586559133.844][SEVERE]: Timed out receiving message from renderer: 0.100
[1586559133.953][SEVERE]: Timed out receiving message from renderer: 0.100
[1586559134.054][SEVERE]: Timed out receiving message from renderer: 0.100
[1586559134.155][SEVERE]: Timed out receiving message from renderer: 0.100
[1586559134.302][SEVERE]: Timed out receiving message from renderer: 0.100
[1586559134.405][SEVERE]: Timed out receiving message from renderer: 0.100
[1586559134.734][SEVERE]: Timed out receiving message from renderer: 0.100
[1586559134.834][SEVERE]: Timed out receiving message from renderer: 0.100
[1586559134.938][SEVERE]: Timed out receiving message from renderer: 0.100
[1586559135.196][SEVERE]: Timed out receiving message from renderer: 0.100
[1586559135.308][SEVERE]: Timed out receiving message from renderer: 0.100
[1586559135.607][SEVERE]: Timed out receiving message from renderer: 0.100
[Test worker] ERROR net.thucydides.core.steps.ConsoleLoggingListener - 
           __  _____ _____ ____ _____   _____ _    ___ _     _____ ____  
  _       / / |_   _| ____/ ___|_   _| |  ___/ \  |_ _| |   | ____|  _ \ 
 (_)_____| |    | | |  _| \___ \ | |   | |_ / _ \  | || |   |  _| | | | |
  _|_____| |    | | | |___ ___) || |   |  _/ ___ \ | || |___| |___| |_| |
 (_)     | |    |_| |_____|____/ |_|   |_|/_/   \_\___|_____|_____|____/ 
          \_\                                                            

TEST FAILED WITH ERROR: Traducir
---------------------------------------------------------------------
[Test worker] ERROR net.thucydides.core.steps.ConsoleLoggingListener - TEST FAILED AT STEP Entonces la palabra se traduce
[Test worker] ERROR net.thucydides.core.steps.ConsoleLoggingListener - Arity mismatch: Step Definition 'stepdefinitions.TraductorStepdefinition.laPalabraSeTraduce(String) in file:/C:/Users/pcc/Documents/Proyectos%20SVE/servicios%20productos%20inversiones/untitled/build/classes/java/test/' with pattern [^la palabra se traduce$] is declared with 1 parameters. However, the gherkin step has 0 arguments []. 
]]></system-err>
</testsuite>
